npm WARN config production Use `--omit=dev` instead.
npm ERR! Missing script: "start"
npm ERR! 
npm ERR! Did you mean one of these?
npm ERR!     npm star # Mark your favorite packages
npm ERR!     npm stars # View packages marked as favorites
npm ERR! 
npm ERR! To see a list of scripts, run:
npm ERR!   npm run

npm ERR! A complete log of this run can be found in:
npm ERR!     /home/ugreetusr/.npm/_logs/2023-03-09T13_33_06_559Z-debug-0.log
npm WARN config production Use `--omit=dev` instead.
npm ERR! Missing script: "start"
npm ERR! 
npm ERR! Did you mean one of these?
npm ERR!     npm star # Mark your favorite packages
npm ERR!     npm stars # View packages marked as favorites
npm ERR! 
npm ERR! To see a list of scripts, run:
npm ERR!   npm run

npm ERR! A complete log of this run can be found in:
npm ERR!     /home/ugreetusr/.npm/_logs/2023-03-09T13_34_23_785Z-debug-0.log
